#-----------------------------------------------------------
# Vivado v2017.4 (64-bit)
# SW Build 2086221 on Fri Dec 15 20:54:30 MST 2017
# IP Build 2085800 on Fri Dec 15 22:25:07 MST 2017
# Start of session at: Fri Jan 26 19:21:28 2018
# Process ID: 10184
# Current directory: /mnt/castor/seas_home/j/jamaalh/cis371/lab1
# Command line: vivado -mode batch -source ../common/tcl/synthesize.tcl
# Log file: /mnt/castor/seas_home/j/jamaalh/cis371/lab1/vivado.log
# Journal file: /mnt/castor/seas_home/j/jamaalh/cis371/lab1/vivado.jou
#-----------------------------------------------------------
source ../common/tcl/synthesize.tcl
# set outputDir ./output
# file mkdir $outputDir
# proc get_file_contents { filename } {
#     if {[catch {
#         set FH [open $filename r]
#         set content [read $FH]
#         close $FH
#     } errorstring]} {
#         error " File $filename could not be opened : $errorstring "
#     }
#     return $content
# }
# read_verilog [get_file_contents .synthesis-source-files]
# if { [string length [get_file_contents .constraint-files]] > 0 } {
#     read_xdc [get_file_contents .constraint-files]
# }
# synth_design -top [get_file_contents .top-level-module] -part xc7z020clg484-1
Command: synth_design -top rca4 -part xc7z020clg484-1
Starting synth_design
Attempting to get a license for feature 'Synthesis' and/or device 'xc7z020'
INFO: [Common 17-349] Got license for feature 'Synthesis' and/or device 'xc7z020'
INFO: Launching helper process for spawning children vivado processes
INFO: Helper process launched with PID 10189 
---------------------------------------------------------------------------------
Starting RTL Elaboration : Time (s): cpu = 00:00:07 ; elapsed = 00:00:08 . Memory (MB): peak = 1224.855 ; gain = 61.996 ; free physical = 670 ; free virtual = 4931
---------------------------------------------------------------------------------
INFO: [Synth 8-638] synthesizing module 'rca4' [/mnt/castor/seas_home/j/jamaalh/cis371/lab1/rca.v:47]
INFO: [Synth 8-638] synthesizing module 'fulladder2' [/mnt/castor/seas_home/j/jamaalh/cis371/lab1/rca.v:33]
INFO: [Synth 8-638] synthesizing module 'fulladder' [/mnt/castor/seas_home/j/jamaalh/cis371/lab1/rca.v:20]
INFO: [Synth 8-638] synthesizing module 'halfadder' [/mnt/castor/seas_home/j/jamaalh/cis371/lab1/rca.v:10]
INFO: [Synth 8-256] done synthesizing module 'halfadder' (1#1) [/mnt/castor/seas_home/j/jamaalh/cis371/lab1/rca.v:10]
INFO: [Synth 8-256] done synthesizing module 'fulladder' (2#1) [/mnt/castor/seas_home/j/jamaalh/cis371/lab1/rca.v:20]
INFO: [Synth 8-256] done synthesizing module 'fulladder2' (3#1) [/mnt/castor/seas_home/j/jamaalh/cis371/lab1/rca.v:33]
INFO: [Synth 8-256] done synthesizing module 'rca4' (4#1) [/mnt/castor/seas_home/j/jamaalh/cis371/lab1/rca.v:47]
WARNING: [Synth 8-3917] design rca4 has port LED[7] driven by constant 0
WARNING: [Synth 8-3917] design rca4 has port LED[6] driven by constant 0
WARNING: [Synth 8-3917] design rca4 has port LED[5] driven by constant 0
WARNING: [Synth 8-3917] design rca4 has port LED[4] driven by constant 0
---------------------------------------------------------------------------------
Finished RTL Elaboration : Time (s): cpu = 00:00:08 ; elapsed = 00:00:09 . Memory (MB): peak = 1267.449 ; gain = 104.590 ; free physical = 683 ; free virtual = 4944
---------------------------------------------------------------------------------

Report Check Netlist: 
+------+------------------+-------+---------+-------+------------------+
|      |Item              |Errors |Warnings |Status |Description       |
+------+------------------+-------+---------+-------+------------------+
|1     |multi_driven_nets |      0|        0|Passed |Multi driven nets |
+------+------------------+-------+---------+-------+------------------+
---------------------------------------------------------------------------------
Finished RTL Optimization Phase 1 : Time (s): cpu = 00:00:08 ; elapsed = 00:00:09 . Memory (MB): peak = 1267.449 ; gain = 104.590 ; free physical = 684 ; free virtual = 4945
---------------------------------------------------------------------------------
INFO: [Device 21-403] Loading part xc7z020clg484-1
INFO: [Project 1-570] Preparing netlist for logic optimization

Processing XDC Constraints
Initializing timing engine
Parsing XDC File [/mnt/castor/seas_home/j/jamaalh/cis371/common/xdc/physical-leds-switches.xdc]
Finished Parsing XDC File [/mnt/castor/seas_home/j/jamaalh/cis371/common/xdc/physical-leds-switches.xdc]
INFO: [Project 1-236] Implementation specific constraints were found while reading constraint file [/mnt/castor/seas_home/j/jamaalh/cis371/common/xdc/physical-leds-switches.xdc]. These constraints will be ignored for synthesis but will be used in implementation. Impacted constraints are listed in the file [.Xil/rca4_propImpl.xdc].
Resolution: To avoid this warning, move constraints listed in [.Xil/rca4_propImpl.xdc] to another XDC file and exclude this new file from synthesis with the used_in_synthesis property (File Properties dialog in GUI) and re-run elaboration/synthesis.
Completed Processing XDC Constraints

INFO: [Project 1-111] Unisim Transformation Summary:
No Unisim elements were transformed.

Constraint Validation Runtime : Time (s): cpu = 00:00:00 ; elapsed = 00:00:00.01 . Memory (MB): peak = 1613.238 ; gain = 0.000 ; free physical = 414 ; free virtual = 4675
---------------------------------------------------------------------------------
Finished Constraint Validation : Time (s): cpu = 00:00:25 ; elapsed = 00:00:48 . Memory (MB): peak = 1613.238 ; gain = 450.379 ; free physical = 485 ; free virtual = 4745
---------------------------------------------------------------------------------
---------------------------------------------------------------------------------
Start Loading Part and Timing Information
---------------------------------------------------------------------------------
Loading part: xc7z020clg484-1
---------------------------------------------------------------------------------
Finished Loading Part and Timing Information : Time (s): cpu = 00:00:25 ; elapsed = 00:00:48 . Memory (MB): peak = 1613.238 ; gain = 450.379 ; free physical = 485 ; free virtual = 4745
---------------------------------------------------------------------------------
---------------------------------------------------------------------------------
Start Applying 'set_property' XDC Constraints
---------------------------------------------------------------------------------
---------------------------------------------------------------------------------
Finished applying 'set_property' XDC Constraints : Time (s): cpu = 00:00:25 ; elapsed = 00:00:48 . Memory (MB): peak = 1613.238 ; gain = 450.379 ; free physical = 486 ; free virtual = 4747
---------------------------------------------------------------------------------
---------------------------------------------------------------------------------
Finished RTL Optimization Phase 2 : Time (s): cpu = 00:00:25 ; elapsed = 00:00:48 . Memory (MB): peak = 1613.238 ; gain = 450.379 ; free physical = 477 ; free virtual = 4738
---------------------------------------------------------------------------------

Report RTL Partitions: 
+-+--------------+------------+----------+
| |RTL Partition |Replication |Instances |
+-+--------------+------------+----------+
+-+--------------+------------+----------+
---------------------------------------------------------------------------------
Start RTL Component Statistics 
---------------------------------------------------------------------------------
Detailed RTL Component Info : 
+---XORs : 
	   2 Input      1 Bit         XORs := 8     
---------------------------------------------------------------------------------
Finished RTL Component Statistics 
---------------------------------------------------------------------------------
---------------------------------------------------------------------------------
Start RTL Hierarchical Component Statistics 
---------------------------------------------------------------------------------
Hierarchical RTL Component report 
Module halfadder 
Detailed RTL Component Info : 
+---XORs : 
	   2 Input      1 Bit         XORs := 1     
---------------------------------------------------------------------------------
Finished RTL Hierarchical Component Statistics
---------------------------------------------------------------------------------
---------------------------------------------------------------------------------
Start Part Resource Summary
---------------------------------------------------------------------------------
Part Resources:
DSPs: 220 (col length:60)
BRAMs: 280 (col length: RAMB18 60 RAMB36 30)
---------------------------------------------------------------------------------
Finished Part Resource Summary
---------------------------------------------------------------------------------
---------------------------------------------------------------------------------
Start Cross Boundary and Area Optimization
---------------------------------------------------------------------------------
WARNING: [Synth 8-3917] design rca4 has port LED[7] driven by constant 0
WARNING: [Synth 8-3917] design rca4 has port LED[6] driven by constant 0
WARNING: [Synth 8-3917] design rca4 has port LED[5] driven by constant 0
WARNING: [Synth 8-3917] design rca4 has port LED[4] driven by constant 0
---------------------------------------------------------------------------------
Finished Cross Boundary and Area Optimization : Time (s): cpu = 00:00:26 ; elapsed = 00:00:48 . Memory (MB): peak = 1613.238 ; gain = 450.379 ; free physical = 467 ; free virtual = 4728
---------------------------------------------------------------------------------

Report RTL Partitions: 
+-+--------------+------------+----------+
| |RTL Partition |Replication |Instances |
+-+--------------+------------+----------+
+-+--------------+------------+----------+
---------------------------------------------------------------------------------
Start Applying XDC Timing Constraints
---------------------------------------------------------------------------------
---------------------------------------------------------------------------------
Finished Applying XDC Timing Constraints : Time (s): cpu = 00:00:33 ; elapsed = 00:00:59 . Memory (MB): peak = 1613.238 ; gain = 450.379 ; free physical = 341 ; free virtual = 4602
---------------------------------------------------------------------------------
---------------------------------------------------------------------------------
Start Timing Optimization
---------------------------------------------------------------------------------
---------------------------------------------------------------------------------
Finished Timing Optimization : Time (s): cpu = 00:00:33 ; elapsed = 00:00:59 . Memory (MB): peak = 1613.238 ; gain = 450.379 ; free physical = 340 ; free virtual = 4601
---------------------------------------------------------------------------------

Report RTL Partitions: 
+-+--------------+------------+----------+
| |RTL Partition |Replication |Instances |
+-+--------------+------------+----------+
+-+--------------+------------+----------+
---------------------------------------------------------------------------------
Start Technology Mapping
---------------------------------------------------------------------------------
---------------------------------------------------------------------------------
Finished Technology Mapping : Time (s): cpu = 00:00:33 ; elapsed = 00:00:59 . Memory (MB): peak = 1613.238 ; gain = 450.379 ; free physical = 339 ; free virtual = 4600
---------------------------------------------------------------------------------

Report RTL Partitions: 
+-+--------------+------------+----------+
| |RTL Partition |Replication |Instances |
+-+--------------+------------+----------+
+-+--------------+------------+----------+
---------------------------------------------------------------------------------
Start IO Insertion
---------------------------------------------------------------------------------
---------------------------------------------------------------------------------
Start Flattening Before IO Insertion
---------------------------------------------------------------------------------
---------------------------------------------------------------------------------
Finished Flattening Before IO Insertion
---------------------------------------------------------------------------------
---------------------------------------------------------------------------------
Start Final Netlist Cleanup
---------------------------------------------------------------------------------
---------------------------------------------------------------------------------
Finished Final Netlist Cleanup
---------------------------------------------------------------------------------
---------------------------------------------------------------------------------
Finished IO Insertion : Time (s): cpu = 00:00:33 ; elapsed = 00:00:59 . Memory (MB): peak = 1613.238 ; gain = 450.379 ; free physical = 339 ; free virtual = 4600
---------------------------------------------------------------------------------

Report Check Netlist: 
+------+------------------+-------+---------+-------+------------------+
|      |Item              |Errors |Warnings |Status |Description       |
+------+------------------+-------+---------+-------+------------------+
|1     |multi_driven_nets |      0|        0|Passed |Multi driven nets |
+------+------------------+-------+---------+-------+------------------+
---------------------------------------------------------------------------------
Start Renaming Generated Instances
---------------------------------------------------------------------------------
---------------------------------------------------------------------------------
Finished Renaming Generated Instances : Time (s): cpu = 00:00:33 ; elapsed = 00:00:59 . Memory (MB): peak = 1613.238 ; gain = 450.379 ; free physical = 339 ; free virtual = 4600
---------------------------------------------------------------------------------

Report RTL Partitions: 
+-+--------------+------------+----------+
| |RTL Partition |Replication |Instances |
+-+--------------+------------+----------+
+-+--------------+------------+----------+
---------------------------------------------------------------------------------
Start Rebuilding User Hierarchy
---------------------------------------------------------------------------------
---------------------------------------------------------------------------------
Finished Rebuilding User Hierarchy : Time (s): cpu = 00:00:33 ; elapsed = 00:00:59 . Memory (MB): peak = 1613.238 ; gain = 450.379 ; free physical = 339 ; free virtual = 4600
---------------------------------------------------------------------------------
---------------------------------------------------------------------------------
Start Renaming Generated Ports
---------------------------------------------------------------------------------
---------------------------------------------------------------------------------
Finished Renaming Generated Ports : Time (s): cpu = 00:00:33 ; elapsed = 00:00:59 . Memory (MB): peak = 1613.238 ; gain = 450.379 ; free physical = 339 ; free virtual = 4600
---------------------------------------------------------------------------------
---------------------------------------------------------------------------------
Start Handling Custom Attributes
---------------------------------------------------------------------------------
---------------------------------------------------------------------------------
Finished Handling Custom Attributes : Time (s): cpu = 00:00:33 ; elapsed = 00:00:59 . Memory (MB): peak = 1613.238 ; gain = 450.379 ; free physical = 339 ; free virtual = 4600
---------------------------------------------------------------------------------
---------------------------------------------------------------------------------
Start Renaming Generated Nets
---------------------------------------------------------------------------------
---------------------------------------------------------------------------------
Finished Renaming Generated Nets : Time (s): cpu = 00:00:33 ; elapsed = 00:00:59 . Memory (MB): peak = 1613.238 ; gain = 450.379 ; free physical = 339 ; free virtual = 4600
---------------------------------------------------------------------------------
---------------------------------------------------------------------------------
Start Writing Synthesis Report
---------------------------------------------------------------------------------

Report BlackBoxes: 
+-+--------------+----------+
| |BlackBox name |Instances |
+-+--------------+----------+
+-+--------------+----------+

Report Cell Usage: 
+------+-----+------+
|      |Cell |Count |
+------+-----+------+
|1     |LUT2 |     1|
|2     |LUT4 |     2|
|3     |LUT5 |     1|
|4     |LUT6 |     1|
|5     |IBUF |     8|
|6     |OBUF |     8|
+------+-----+------+

Report Instance Areas: 
+------+---------+-------+------+
|      |Instance |Module |Cells |
+------+---------+-------+------+
|1     |top      |       |    21|
+------+---------+-------+------+
---------------------------------------------------------------------------------
Finished Writing Synthesis Report : Time (s): cpu = 00:00:33 ; elapsed = 00:00:59 . Memory (MB): peak = 1613.238 ; gain = 450.379 ; free physical = 339 ; free virtual = 4600
---------------------------------------------------------------------------------
Synthesis finished with 0 errors, 0 critical warnings and 4 warnings.
Synthesis Optimization Runtime : Time (s): cpu = 00:00:23 ; elapsed = 00:00:29 . Memory (MB): peak = 1613.238 ; gain = 104.590 ; free physical = 397 ; free virtual = 4658
Synthesis Optimization Complete : Time (s): cpu = 00:00:33 ; elapsed = 00:01:00 . Memory (MB): peak = 1613.238 ; gain = 450.379 ; free physical = 405 ; free virtual = 4666
INFO: [Project 1-571] Translating synthesized netlist
INFO: [Netlist 29-17] Analyzing 8 Unisim elements for replacement
INFO: [Netlist 29-28] Unisim Transformation completed in 0 CPU seconds
INFO: [Project 1-570] Preparing netlist for logic optimization
Parsing XDC File [/mnt/castor/seas_home/j/jamaalh/cis371/common/xdc/physical-leds-switches.xdc]
Finished Parsing XDC File [/mnt/castor/seas_home/j/jamaalh/cis371/common/xdc/physical-leds-switches.xdc]
INFO: [Opt 31-138] Pushed 0 inverter(s) to 0 load pin(s).
INFO: [Project 1-111] Unisim Transformation Summary:
No Unisim elements were transformed.

INFO: [Common 17-83] Releasing license: Synthesis
20 Infos, 8 Warnings, 0 Critical Warnings and 0 Errors encountered.
synth_design completed successfully
synth_design: Time (s): cpu = 00:00:35 ; elapsed = 00:01:01 . Memory (MB): peak = 1635.262 ; gain = 485.746 ; free physical = 388 ; free virtual = 4649
# report_timing_summary -file $outputDir/post_synth_timing_summary_report.txt
INFO: [Timing 38-35] Done setting XDC timing constraints.
INFO: [Timing 38-91] UpdateTimingParams: Speed grade: -1, Delay Type: min_max.
INFO: [Timing 38-191] Multithreading enabled for timing update using a maximum of 8 CPUs
report_timing_summary: Time (s): cpu = 00:00:05 ; elapsed = 00:00:16 . Memory (MB): peak = 2003.438 ; gain = 368.176 ; free physical = 133 ; free virtual = 4347
# report_utilization -file $outputDir/post_synth_utilization.txt
report_utilization: Time (s): cpu = 00:00:00.04 ; elapsed = 00:00:00.08 . Memory (MB): peak = 2003.438 ; gain = 0.000 ; free physical = 133 ; free virtual = 4347
# report_drc -file $outputDir/post_synth_drc_report.txt
Command: report_drc -file ./output/post_synth_drc_report.txt
INFO: [IP_Flow 19-234] Refreshing IP repositories
INFO: [IP_Flow 19-1704] No user IP repositories specified
INFO: [IP_Flow 19-2313] Loaded Vivado IP repository '/home1/c/cis371/software/Vivado/2017.4/data/ip'.
INFO: [DRC 23-27] Running DRC with 8 threads
INFO: [Coretcl 2-168] The results of DRC are in file /mnt/castor/seas_home/j/jamaalh/cis371/lab1/output/post_synth_drc_report.txt.
report_drc completed successfully
report_drc: Time (s): cpu = 00:00:03 ; elapsed = 00:00:06 . Memory (MB): peak = 2104.004 ; gain = 100.566 ; free physical = 117 ; free virtual = 4333
INFO: [Common 17-206] Exiting Vivado at Fri Jan 26 19:23:01 2018...
