#-----------------------------------------------------------
# xsim v2017.4 (64-bit)
# SW Build 2086221 on Fri Dec 15 20:54:30 MST 2017
# IP Build 2085800 on Fri Dec 15 22:25:07 MST 2017
# Start of session at: Fri Jan 26 19:32:09 2018
# Process ID: 12063
# Current directory: /mnt/castor/seas_home/j/jamaalh/cis371/lab1
# Command line: xsim -mode tcl -source {xsim.dir/snapshot.sim/xsim_script.tcl}
# Log file: /mnt/castor/seas_home/j/jamaalh/cis371/lab1/xsim.log
# Journal file: /mnt/castor/seas_home/j/jamaalh/cis371/lab1/xsim.jou
#-----------------------------------------------------------
source xsim.dir/snapshot.sim/xsim_script.tcl
# xsim {snapshot.sim} -wdb {sim.wdb} -autoloadwcfg -runall -stats
Vivado Simulator 2017.4
Time resolution is 1 ps
run -all
Simulation finished:         344 test cases           0 errors
<scorePossible>        344</scorePossible>
<scoreActual>        344</scoreActual>
$finish called at time : 1900 ns : File "/mnt/castor/seas_home/j/jamaalh/cis371/lab1/rca_testbench.v" Line 149
exit
INFO: Simulation Memory Usage: 133380 KB (Peak: 194556 KB)
INFO: Simulation CPU Usage: 0 ms
INFO: [Common 17-206] Exiting xsim at Fri Jan 26 19:32:18 2018...
